<?xml version="1.0" encoding="UTF-8"?>
<coverage generated="1756041436919" clover="3.2.0">
  <project timestamp="1756041436919" name="All files">
    <metrics statements="13" coveredstatements="8" conditionals="4" coveredconditionals="1" methods="3" coveredmethods="1" elements="20" coveredelements="10" complexity="0" loc="13" ncloc="13" packages="1" files="1" classes="1"/>
    <file name="validation.js" path="D:\YATRIK ERP\backend\middleware\validation.js">
      <metrics statements="13" coveredstatements="8" conditionals="4" coveredconditionals="1" methods="3" coveredmethods="1"/>
      <line num="4" count="1" type="stmt"/>
      <line num="7" count="1" type="stmt"/>
      <line num="48" count="1" type="stmt"/>
      <line num="58" count="0" type="cond" truecount="0" falsecount="2"/>
      <line num="59" count="0" type="stmt"/>
      <line num="61" count="0" type="stmt"/>
      <line num="75" count="1" type="stmt"/>
      <line num="76" count="2" type="stmt"/>
      <line num="77" count="2" type="cond" truecount="1" falsecount="1"/>
      <line num="78" count="0" type="stmt"/>
      <line num="81" count="0" type="stmt"/>
      <line num="88" count="2" type="stmt"/>
      <line num="91" count="1" type="stmt"/>
    </file>
  </project>
</coverage>
