{"D:\\YATRIK ERP\\backend\\middleware\\validation.js": {"path":"D:\\YATRIK ERP\\backend\\middleware\\validation.js","statementMap":{"0":{"start":{"line":4,"column":49},"end":{"line":4,"column":77}},"1":{"start":{"line":7,"column":26},"end":{"line":45,"column":1}},"2":{"start":{"line":48,"column":24},"end":{"line":72,"column":1}},"3":{"start":{"line":58,"column":8},"end":{"line":60,"column":9}},"4":{"start":{"line":59,"column":10},"end":{"line":59,"column":52}},"5":{"start":{"line":61,"column":8},"end":{"line":61,"column":20}},"6":{"start":{"line":75,"column":31},"end":{"line":89,"column":1}},"7":{"start":{"line":76,"column":17},"end":{"line":76,"column":38}},"8":{"start":{"line":77,"column":2},"end":{"line":87,"column":3}},"9":{"start":{"line":78,"column":4},"end":{"line":86,"column":7}},"10":{"start":{"line":81,"column":43},"end":{"line":85,"column":7}},"11":{"start":{"line":88,"column":2},"end":{"line":88,"column":9}},"12":{"start":{"line":91,"column":0},"end":{"line":95,"column":2}}},"fnMap":{"0":{"name":"(anonymous_0)","decl":{"start":{"line":57,"column":14},"end":{"line":57,"column":15}},"loc":{"start":{"line":57,"column":34},"end":{"line":62,"column":7}},"line":57},"1":{"name":"(anonymous_1)","decl":{"start":{"line":75,"column":31},"end":{"line":75,"column":32}},"loc":{"start":{"line":75,"column":51},"end":{"line":89,"column":1}},"line":75},"2":{"name":"(anonymous_2)","decl":{"start":{"line":81,"column":33},"end":{"line":81,"column":34}},"loc":{"start":{"line":81,"column":43},"end":{"line":85,"column":7}},"line":81}},"branchMap":{"0":{"loc":{"start":{"line":58,"column":8},"end":{"line":60,"column":9}},"type":"if","locations":[{"start":{"line":58,"column":8},"end":{"line":60,"column":9}},{"start":{},"end":{}}],"line":58},"1":{"loc":{"start":{"line":77,"column":2},"end":{"line":87,"column":3}},"type":"if","locations":[{"start":{"line":77,"column":2},"end":{"line":87,"column":3}},{"start":{},"end":{}}],"line":77}},"s":{"0":1,"1":1,"2":1,"3":0,"4":0,"5":0,"6":1,"7":2,"8":2,"9":0,"10":0,"11":2,"12":1},"f":{"0":0,"1":2,"2":0},"b":{"0":[0,0],"1":[0,2]},"_coverageSchema":"1a1c01bbd47fc00a2c39e90264f33305004495a9","hash":"adced84ecf672f974e01a6b994919b01b2fd4015"}
}
